PRT1
66
170
4 0 2 (2048 1024 -64 ) (2048 1024 1984 ) (2048 1664 1984 ) (2048 1664 -64 ) 
4 0 1 (2048 1024 1984 ) (2048 1024 -64 ) (2088 1024 -64 ) (2088 1024 1984 ) 
4 1 7 (2088 0 -64 ) (2088 0 1984 ) (2048 0 1984 ) (2048 0 -64 ) 
4 1 4 (2048 0 -64 ) (2048 0 1984 ) (2048 1024 1984 ) (2048 1024 -64 ) 
4 2 4 (2048 1024 -64 ) (2048 1024 1984 ) (1024 1024 1984 ) (1024 1024 -64 ) 
4 2 3 (1024 1024 -64 ) (1024 1024 1984 ) (1024 1664 1984 ) (1024 1664 -64 ) 
4 3 22 (0 1024 -64 ) (0 1024 1984 ) (0 1664 1984 ) (0 1664 -64 ) 
4 3 6 (0 1024 1984 ) (0 1024 -64 ) (1024 1024 -64 ) (1024 1024 1984 ) 
4 4 9 (2048 0 -64 ) (2048 0 1984 ) (1024 0 1984 ) (1024 0 -64 ) 
4 4 6 (1024 1024 1984 ) (1024 1024 -64 ) (1024 0 -64 ) (1024 0 1984 ) 
4 6 26 (0 0 -64 ) (0 0 1984 ) (0 1024 1984 ) (0 1024 -64 ) 
4 6 10 (1024 0 -64 ) (1024 0 1984 ) (0 0 1984 ) (0 0 -64 ) 
4 7 9 (2048 -1024 -64 ) (2048 -1024 1984 ) (2048 0 1984 ) (2048 0 -64 ) 
4 7 8 (2088 -1024 -64 ) (2088 -1024 1984 ) (2048 -1024 1984 ) (2048 -1024 -64 ) 
4 8 19 (2088 -2048 -64 ) (2088 -2048 1984 ) (2048 -2048 1984 ) (2048 -2048 -64 ) 
4 8 11 (2048 -2048 -64 ) (2048 -2048 1984 ) (2048 -1024 1984 ) (2048 -1024 -64 ) 
4 9 11 (2048 -1024 -64 ) (2048 -1024 1984 ) (1024 -1024 1984 ) (1024 -1024 -64 ) 
4 9 10 (1024 -1024 -64 ) (1024 -1024 1984 ) (1024 0 1984 ) (1024 0 -64 ) 
4 10 32 (0 -1024 -64 ) (0 -1024 1984 ) (0 0 1984 ) (0 0 -64 ) 
4 10 18 (0 -1024 0 ) (0 -1024 -64 ) (1024 -1024 -64 ) (1024 -1024 0 ) 
4 10 14 (304 -1024 0 ) (336 -1024 0 ) (336 -1024 448 ) (304 -1024 448 ) 
4 10 13 (336 -1024 0 ) (1024 -1024 0 ) (1024 -1024 448 ) (336 -1024 448 ) 
4 10 17 (0 -1024 448 ) (0 -1024 0 ) (304 -1024 0 ) (304 -1024 448 ) 
4 10 12 (0 -1024 1984 ) (0 -1024 448 ) (1024 -1024 448 ) (1024 -1024 1984 ) 
4 11 20 (2048 -2048 -64 ) (2048 -2048 1984 ) (1024 -2048 1984 ) (1024 -2048 -64 ) 
4 11 18 (1024 -1024 0 ) (1024 -1024 -64 ) (1024 -2048 -64 ) (1024 -2048 0 ) 
4 11 13 (1024 -1024 448 ) (1024 -1024 0 ) (1024 -2048 0 ) (1024 -2048 448 ) 
4 11 12 (1024 -1024 1984 ) (1024 -1024 448 ) (1024 -2048 448 ) (1024 -2048 1984 ) 
4 12 44 (0 -2048 448 ) (0 -2048 1984 ) (0 -1024 1984 ) (0 -1024 448 ) 
4 12 21 (0 -2048 1984 ) (0 -2048 448 ) (1024 -2048 448 ) (1024 -2048 1984 ) 
4 12 15 (304 -1832 448 ) (304 -1128 448 ) (336 -1128 448 ) (336 -1832 448 ) 
4 12 16 (336 -2048 448 ) (304 -2048 448 ) (304 -1864 448 ) (336 -1864 448 ) 
4 12 14 (304 -1096 448 ) (304 -1024 448 ) (336 -1024 448 ) (336 -1096 448 ) 
4 12 13 (1024 -1024 448 ) (1024 -2048 448 ) (336 -2048 448 ) (336 -1024 448 ) 
4 12 17 (304 -2048 448 ) (0 -2048 448 ) (0 -1024 448 ) (304 -1024 448 ) 
4 13 21 (336 -2048 0 ) (1024 -2048 0 ) (1024 -2048 448 ) (336 -2048 448 ) 
4 13 18 (1024 -2048 0 ) (336 -2048 0 ) (336 -1024 0 ) (1024 -1024 0 ) 
4 13 15 (336 -1128 0 ) (336 -1832 0 ) (336 -1832 448 ) (336 -1128 448 ) 
4 13 16 (336 -1864 0 ) (336 -2048 0 ) (336 -2048 448 ) (336 -1864 448 ) 
4 13 14 (336 -1024 0 ) (336 -1096 0 ) (336 -1096 448 ) (336 -1024 448 ) 
4 14 18 (304 -1096 0 ) (304 -1024 0 ) (336 -1024 0 ) (336 -1096 0 ) 
4 14 17 (304 -1024 0 ) (304 -1096 0 ) (304 -1096 448 ) (304 -1024 448 ) 
4 15 18 (304 -1832 0 ) (304 -1128 0 ) (336 -1128 0 ) (336 -1832 0 ) 
4 15 17 (304 -1128 0 ) (304 -1832 0 ) (304 -1832 448 ) (304 -1128 448 ) 
4 16 21 (304 -2048 0 ) (336 -2048 0 ) (336 -2048 448 ) (304 -2048 448 ) 
4 16 18 (336 -2048 0 ) (304 -2048 0 ) (304 -1864 0 ) (336 -1864 0 ) 
4 16 17 (304 -1864 0 ) (304 -2048 0 ) (304 -2048 448 ) (304 -1864 448 ) 
4 17 45 (0 -2048 0 ) (0 -2048 448 ) (0 -1024 448 ) (0 -1024 0 ) 
4 17 21 (0 -2048 448 ) (0 -2048 0 ) (304 -2048 0 ) (304 -2048 448 ) 
4 17 18 (304 -2048 0 ) (0 -2048 0 ) (0 -1024 0 ) (304 -1024 0 ) 
4 18 49 (0 -2048 -64 ) (0 -2048 0 ) (0 -1024 0 ) (0 -1024 -64 ) 
4 18 21 (0 -2048 0 ) (0 -2048 -64 ) (1024 -2048 -64 ) (1024 -2048 0 ) 
4 19 20 (2048 -2048 1984 ) (2048 -2048 -64 ) (2048 -2560 -64 ) (2048 -2560 1984 ) 
4 20 21 (1024 -2048 1984 ) (1024 -2048 -64 ) (1024 -2560 -64 ) (1024 -2560 1984 ) 
4 21 63 (0 -2560 -64 ) (0 -2560 1984 ) (0 -2048 1984 ) (0 -2048 -64 ) 
4 22 26 (0 1024 -64 ) (0 1024 1984 ) (-608 1024 1984 ) (-608 1024 -64 ) 
4 22 23 (-608 1024 -64 ) (-608 1024 1984 ) (-608 1664 1984 ) (-608 1664 -64 ) 
4 23 27 (-608 1024 1984 ) (-1024 1024 1984 ) (-1024 1024 -96 ) (-608 1024 -96 ) 
4 23 24 (-1024 1024 -96 ) (-1024 1024 1984 ) (-1024 1664 1984 ) (-1024 1664 -96 ) 
4 24 29 (-1568 1024 -96 ) (-1024 1024 -96 ) (-1024 1024 -64 ) (-1568 1024 -64 ) 
4 24 28 (-1024 1024 -64 ) (-1024 1024 1984 ) (-1568 1024 1984 ) (-1568 1024 -64 ) 
4 24 25 (-1568 1024 -64 ) (-1568 1024 1984 ) (-1568 1664 1984 ) (-1568 1664 -64 ) 
4 25 30 (-2048 1024 -64 ) (-2048 1024 1984 ) (-2048 1664 1984 ) (-2048 1664 -64 ) 
4 25 28 (-2048 1024 1984 ) (-2048 1024 -64 ) (-1568 1024 -64 ) (-1568 1024 1984 ) 
4 26 32 (0 0 -64 ) (0 0 1984 ) (-608 0 1984 ) (-608 0 -64 ) 
4 26 27 (-608 0 -64 ) (-608 0 1984 ) (-608 1024 1984 ) (-608 1024 -64 ) 
4 27 34 (-752 0 1984 ) (-784 0 1984 ) (-784 0 -96 ) (-752 0 -96 ) 
4 27 37 (-784 0 1984 ) (-1024 0 1984 ) (-1024 0 -96 ) (-784 0 -96 ) 
4 27 33 (-608 0 1984 ) (-752 0 1984 ) (-752 0 -96 ) (-608 0 -96 ) 
4 27 29 (-1024 1024 -64 ) (-1024 1024 -96 ) (-1024 0 -96 ) (-1024 0 -64 ) 
4 27 28 (-1024 1024 1984 ) (-1024 1024 -64 ) (-1024 0 -64 ) (-1024 0 1984 ) 
4 28 43 (-1568 0 1984 ) (-2048 0 1984 ) (-2048 0 -64 ) (-1568 0 -64 ) 
4 28 42 (-1520 0 1984 ) (-1568 0 1984 ) (-1568 0 -64 ) (-1520 0 -64 ) 
4 28 39 (-1488 0 1984 ) (-1520 0 1984 ) (-1520 0 -64 ) (-1488 0 -64 ) 
4 28 38 (-1024 0 -64 ) (-1024 0 1984 ) (-1488 0 1984 ) (-1488 0 -64 ) 
4 28 31 (-2048 0 -64 ) (-2048 0 1984 ) (-2048 1024 1984 ) (-2048 1024 -64 ) 
4 28 29 (-1024 0 -64 ) (-1568 0 -64 ) (-1568 1024 -64 ) (-1024 1024 -64 ) 
4 29 42 (-1520 0 -64 ) (-1568 0 -64 ) (-1568 0 -96 ) (-1520 0 -96 ) 
4 29 39 (-1488 0 -64 ) (-1520 0 -64 ) (-1520 0 -96 ) (-1488 0 -96 ) 
4 29 38 (-1024 0 -96 ) (-1024 0 -64 ) (-1488 0 -64 ) (-1488 0 -96 ) 
4 30 31 (-2048 1024 -64 ) (-2048 1024 1984 ) (-2560 1024 1984 ) (-2560 1024 -64 ) 
4 31 61 (-2048 0 -64 ) (-2048 0 1984 ) (-2560 0 1984 ) (-2560 0 -64 ) 
4 32 50 (-432 -1024 448 ) (-608 -1024 448 ) (-608 -1024 -64 ) (-432 -1024 -64 ) 
4 32 49 (0 -1024 -64 ) (0 -1024 0 ) (-432 -1024 0 ) (-432 -1024 -64 ) 
4 32 46 (-400 -1024 448 ) (-432 -1024 448 ) (-432 -1024 0 ) (-400 -1024 0 ) 
4 32 45 (0 -1024 0 ) (0 -1024 448 ) (-400 -1024 448 ) (-400 -1024 0 ) 
4 32 44 (0 -1024 448 ) (0 -1024 1984 ) (-608 -1024 1984 ) (-608 -1024 448 ) 
4 32 33 (-608 -1024 -64 ) (-608 -1024 1984 ) (-608 0 1984 ) (-608 0 -64 ) 
4 33 51 (-752 -1024 448 ) (-752 -1024 -96 ) (-608 -1024 -96 ) (-608 -1024 448 ) 
4 33 44 (-608 -1024 1984 ) (-752 -1024 1984 ) (-752 -1024 448 ) (-608 -1024 448 ) 
4 33 35 (-752 -480 448 ) (-752 -480 1984 ) (-752 -448 1984 ) (-752 -448 448 ) 
4 33 34 (-752 0 -96 ) (-752 -448 -96 ) (-752 -448 1984 ) (-752 0 1984 ) 
4 33 36 (-752 -480 -96 ) (-752 -1024 -96 ) (-752 -1024 1984 ) (-752 -480 1984 ) 
4 34 35 (-784 -448 1984 ) (-784 -448 448 ) (-752 -448 448 ) (-752 -448 1984 ) 
4 34 37 (-784 0 -96 ) (-784 -448 -96 ) (-784 -448 1984 ) (-784 0 1984 ) 
4 35 37 (-784 -480 448 ) (-784 -480 1984 ) (-784 -448 1984 ) (-784 -448 448 ) 
4 35 36 (-784 -480 1984 ) (-784 -480 448 ) (-752 -480 448 ) (-752 -480 1984 ) 
4 36 52 (-784 -1024 448 ) (-784 -1024 -96 ) (-752 -1024 -96 ) (-752 -1024 448 ) 
4 36 44 (-752 -1024 1984 ) (-784 -1024 1984 ) (-784 -1024 448 ) (-752 -1024 448 ) 
4 36 37 (-784 -480 -96 ) (-784 -1024 -96 ) (-784 -1024 1984 ) (-784 -480 1984 ) 
4 37 54 (-1024 -1024 448 ) (-1024 -1024 -96 ) (-784 -1024 -96 ) (-784 -1024 448 ) 
4 37 44 (-784 -1024 1984 ) (-1024 -1024 1984 ) (-1024 -1024 448 ) (-784 -1024 448 ) 
4 37 38 (-1024 -1024 -96 ) (-1024 -1024 1984 ) (-1024 0 1984 ) (-1024 0 -96 ) 
4 38 55 (-1024 -1024 -96 ) (-1024 -1024 1984 ) (-1488 -1024 1984 ) (-1488 -1024 -96 ) 
4 38 40 (-1488 -480 448 ) (-1488 -480 1984 ) (-1488 -448 1984 ) (-1488 -448 448 ) 
4 38 39 (-1488 0 -96 ) (-1488 -448 -96 ) (-1488 -448 1984 ) (-1488 0 1984 ) 
4 38 41 (-1488 -480 -96 ) (-1488 -1024 -96 ) (-1488 -1024 1984 ) (-1488 -480 1984 ) 
4 39 42 (-1520 0 -96 ) (-1520 -448 -96 ) (-1520 -448 1984 ) (-1520 0 1984 ) 
4 39 40 (-1520 -448 1984 ) (-1520 -448 448 ) (-1488 -448 448 ) (-1488 -448 1984 ) 
4 40 42 (-1520 -480 448 ) (-1520 -480 1984 ) (-1520 -448 1984 ) (-1520 -448 448 ) 
4 40 41 (-1520 -480 1984 ) (-1520 -480 448 ) (-1488 -480 448 ) (-1488 -480 1984 ) 
4 41 56 (-1488 -1024 1984 ) (-1520 -1024 1984 ) (-1520 -1024 -96 ) (-1488 -1024 -96 ) 
4 41 42 (-1520 -480 -96 ) (-1520 -1024 -96 ) (-1520 -1024 1984 ) (-1520 -480 1984 ) 
4 42 59 (-1520 -1024 1984 ) (-1568 -1024 1984 ) (-1568 -1024 -96 ) (-1520 -1024 -96 ) 
4 42 43 (-1568 -1024 -64 ) (-1568 -1024 1984 ) (-1568 0 1984 ) (-1568 0 -64 ) 
4 43 61 (-2048 -1024 -64 ) (-2048 -1024 1984 ) (-2048 0 1984 ) (-2048 0 -64 ) 
4 43 60 (-1568 -1024 1984 ) (-2048 -1024 1984 ) (-2048 -1024 -64 ) (-1568 -1024 -64 ) 
4 44 63 (0 -2048 448 ) (0 -2048 1984 ) (-1024 -2048 1984 ) (-1024 -2048 448 ) 
4 44 55 (-1024 -1024 1984 ) (-1024 -1024 448 ) (-1024 -2048 448 ) (-1024 -2048 1984 ) 
4 44 52 (-784 -1024 448 ) (-752 -1024 448 ) (-752 -1184 448 ) (-784 -1184 448 ) 
4 44 53 (-752 -1216 448 ) (-752 -2048 448 ) (-784 -2048 448 ) (-784 -1216 448 ) 
4 44 51 (-752 -1024 448 ) (-608 -1024 448 ) (-608 -2048 448 ) (-752 -2048 448 ) 
4 44 54 (-1024 -2048 448 ) (-1024 -1024 448 ) (-784 -1024 448 ) (-784 -2048 448 ) 
4 44 50 (-608 -1024 448 ) (-432 -1024 448 ) (-432 -2048 448 ) (-608 -2048 448 ) 
4 44 48 (-400 -1864 448 ) (-400 -2048 448 ) (-432 -2048 448 ) (-432 -1864 448 ) 
4 44 46 (-432 -1024 448 ) (-400 -1024 448 ) (-400 -1096 448 ) (-432 -1096 448 ) 
4 44 47 (-400 -1128 448 ) (-400 -1832 448 ) (-432 -1832 448 ) (-432 -1128 448 ) 
4 44 45 (-400 -1024 448 ) (0 -1024 448 ) (0 -2048 448 ) (-400 -2048 448 ) 
4 45 63 (0 -2048 0 ) (0 -2048 448 ) (-400 -2048 448 ) (-400 -2048 0 ) 
4 45 49 (-400 -1024 0 ) (0 -1024 0 ) (0 -2048 0 ) (-400 -2048 0 ) 
4 45 48 (-400 -1864 0 ) (-400 -2048 0 ) (-400 -2048 448 ) (-400 -1864 448 ) 
4 45 46 (-400 -1024 0 ) (-400 -1096 0 ) (-400 -1096 448 ) (-400 -1024 448 ) 
4 45 47 (-400 -1128 0 ) (-400 -1832 0 ) (-400 -1832 448 ) (-400 -1128 448 ) 
4 46 50 (-432 -1096 448 ) (-432 -1024 448 ) (-432 -1024 0 ) (-432 -1096 0 ) 
4 46 49 (-432 -1096 0 ) (-432 -1024 0 ) (-400 -1024 0 ) (-400 -1096 0 ) 
4 47 50 (-432 -1832 448 ) (-432 -1128 448 ) (-432 -1128 0 ) (-432 -1832 0 ) 
4 47 49 (-432 -1832 0 ) (-432 -1128 0 ) (-400 -1128 0 ) (-400 -1832 0 ) 
4 48 63 (-400 -2048 448 ) (-432 -2048 448 ) (-432 -2048 0 ) (-400 -2048 0 ) 
4 48 50 (-432 -2048 0 ) (-432 -2048 448 ) (-432 -1864 448 ) (-432 -1864 0 ) 
4 48 49 (-432 -2048 0 ) (-432 -1864 0 ) (-400 -1864 0 ) (-400 -2048 0 ) 
4 49 63 (0 -2048 -64 ) (0 -2048 0 ) (-432 -2048 0 ) (-432 -2048 -64 ) 
4 49 50 (-432 -2048 -64 ) (-432 -2048 0 ) (-432 -1024 0 ) (-432 -1024 -64 ) 
4 50 63 (-432 -2048 448 ) (-608 -2048 448 ) (-608 -2048 -64 ) (-432 -2048 -64 ) 
4 50 51 (-608 -2048 -64 ) (-608 -2048 448 ) (-608 -1024 448 ) (-608 -1024 -64 ) 
4 51 63 (-608 -2048 448 ) (-752 -2048 448 ) (-752 -2048 -64 ) (-608 -2048 -64 ) 
4 51 52 (-752 -1024 -96 ) (-752 -1184 -96 ) (-752 -1184 448 ) (-752 -1024 448 ) 
4 51 53 (-752 -1216 -96 ) (-752 -2048 -96 ) (-752 -2048 448 ) (-752 -1216 448 ) 
4 52 54 (-784 -1024 -96 ) (-784 -1184 -96 ) (-784 -1184 448 ) (-784 -1024 448 ) 
4 53 63 (-752 -2048 448 ) (-784 -2048 448 ) (-784 -2048 -64 ) (-752 -2048 -64 ) 
4 53 54 (-784 -1216 -96 ) (-784 -2048 -96 ) (-784 -2048 448 ) (-784 -1216 448 ) 
4 54 63 (-784 -2048 448 ) (-1024 -2048 448 ) (-1024 -2048 -64 ) (-784 -2048 -64 ) 
4 54 55 (-1024 -1024 448 ) (-1024 -1024 -96 ) (-1024 -2048 -96 ) (-1024 -2048 448 ) 
4 55 64 (-1024 -2048 -64 ) (-1024 -2048 1984 ) (-1488 -2048 1984 ) (-1488 -2048 -64 ) 
4 55 57 (-1488 -1216 448 ) (-1488 -1216 1984 ) (-1488 -1184 1984 ) (-1488 -1184 448 ) 
4 55 56 (-1488 -1024 -96 ) (-1488 -1184 -96 ) (-1488 -1184 1984 ) (-1488 -1024 1984 ) 
4 55 58 (-1488 -1216 -96 ) (-1488 -2048 -96 ) (-1488 -2048 1984 ) (-1488 -1216 1984 ) 
4 56 59 (-1520 -1024 -96 ) (-1520 -1184 -96 ) (-1520 -1184 1984 ) (-1520 -1024 1984 ) 
4 56 57 (-1520 -1184 1984 ) (-1520 -1184 448 ) (-1488 -1184 448 ) (-1488 -1184 1984 ) 
4 57 59 (-1520 -1216 448 ) (-1520 -1216 1984 ) (-1520 -1184 1984 ) (-1520 -1184 448 ) 
4 57 58 (-1520 -1216 1984 ) (-1520 -1216 448 ) (-1488 -1216 448 ) (-1488 -1216 1984 ) 
4 58 64 (-1488 -2048 1984 ) (-1520 -2048 1984 ) (-1520 -2048 -64 ) (-1488 -2048 -64 ) 
4 58 59 (-1520 -1216 -96 ) (-1520 -2048 -96 ) (-1520 -2048 1984 ) (-1520 -1216 1984 ) 
4 59 64 (-1520 -2048 1984 ) (-1568 -2048 1984 ) (-1568 -2048 -64 ) (-1520 -2048 -64 ) 
4 59 60 (-1568 -2048 -64 ) (-1568 -2048 1984 ) (-1568 -1024 1984 ) (-1568 -1024 -64 ) 
4 60 64 (-1568 -2048 1984 ) (-2048 -2048 1984 ) (-2048 -2048 -64 ) (-1568 -2048 -64 ) 
4 60 62 (-2048 -2048 -64 ) (-2048 -2048 1984 ) (-2048 -1024 1984 ) (-2048 -1024 -64 ) 
4 61 62 (-2048 -1024 -64 ) (-2048 -1024 1984 ) (-2560 -1024 1984 ) (-2560 -1024 -64 ) 
4 62 65 (-2048 -2048 -64 ) (-2048 -2048 1984 ) (-2560 -2048 1984 ) (-2560 -2048 -64 ) 
4 63 64 (-1024 -2048 1984 ) (-1024 -2048 -64 ) (-1024 -2560 -64 ) (-1024 -2560 1984 ) 
4 64 65 (-2048 -2048 1984 ) (-2048 -2048 -64 ) (-2048 -2560 -64 ) (-2048 -2560 1984 ) 
